[ 2024-10-02 07:54:29,753 ] 28 root - INFO - Data ingestion started
[ 2024-10-02 07:54:29,769 ] 31 root - INFO - raw data is loaded into dataframe
[ 2024-10-02 07:54:29,785 ] 34 root - INFO - Train test split done
[ 2024-10-02 07:54:29,846 ] 37 root - INFO - raw data saved to csv in artifacts directory
[ 2024-10-02 07:54:29,878 ] 40 root - INFO - Train data is saved into csv and ready for cleaning
[ 2024-10-02 07:54:29,890 ] 43 root - INFO - Test data is saved into csv and ready for cleaning
[ 2024-10-02 07:54:29,890 ] 27 root - INFO - Data Cleaning Started
[ 2024-10-02 07:54:29,916 ] 33 root - INFO - na value dropped
[ 2024-10-02 07:54:29,926 ] 41 root - INFO - Changed the date of journey column into date format and split in day,month and year
[ 2024-10-02 07:54:29,933 ] 48 root - INFO - Changed the departure time column into date format and split in hours and minutes
[ 2024-10-02 07:54:30,009 ] 55 root - INFO - Changed the arrival time column into date format and split in hours and minutes
[ 2024-10-02 07:54:30,016 ] 77 root - INFO - Changed duraton column into hours and minutes
[ 2024-10-02 07:54:30,046 ] 86 root - INFO - Test dataset loaded
[ 2024-10-02 07:54:30,051 ] 95 root - INFO - Changed the date of journey column into date format and split in day,month and year
[ 2024-10-02 07:54:30,052 ] 101 root - INFO - Changed the departure time column into date format and split in hours and minutes
[ 2024-10-02 07:54:30,119 ] 108 root - INFO - Changed the arrival time column into date format and split in hours and minutes
[ 2024-10-02 07:54:30,127 ] 132 root - INFO - Changed duraton column into hours and minutes
[ 2024-10-02 07:54:30,135 ] 139 root - INFO - Directory Created
[ 2024-10-02 07:54:30,176 ] 143 root - INFO - Cleaned data set saved to csv
[ 2024-10-02 07:54:30,177 ] 78 root - INFO - X and Y train test split done
[ 2024-10-02 07:54:30,177 ] 30 root - INFO - Data Transforamtion Started
[ 2024-10-02 07:54:30,177 ] 44 root - INFO - numerical pipeline has been created
[ 2024-10-02 07:54:30,177 ] 53 root - INFO - categorical pipeline has been created
[ 2024-10-02 07:54:30,177 ] 62 root - INFO - columnTransformer created
[ 2024-10-02 07:54:30,177 ] 81 root - INFO - Preprocessor is working fine
[ 2024-10-02 07:54:30,210 ] 85 root - INFO - fit and transform is completed
[ 2024-10-02 07:54:30,210 ] 11 root - INFO - Save object function is started
[ 2024-10-02 07:54:30,216 ] 18 root - INFO - object saved
[ 2024-10-02 07:54:30,216 ] 100 root - INFO - Processor save in the pickle file
[ 2024-10-02 07:54:30,216 ] 32 root - INFO - Model Training is Started
[ 2024-10-02 07:54:30,216 ] 51 root - INFO - Training and Testing array is divided into X-train,test and Y-train,test
[ 2024-10-02 07:54:40,056 ] 76 root - INFO - Fit and Predict Performed on each Model
[ 2024-10-02 07:54:40,056 ] 85 root - INFO - Best Model and its R2_Scorer found
[ 2024-10-02 07:54:40,056 ] 92 root - INFO - Model training is completed
[ 2024-10-02 07:54:40,072 ] 95 root - INFO - Hyperparameter tunning is statred
[ 2024-10-02 07:58:22,823 ] 118 root - INFO - Hyperparameter tunning is ended
