[ 2024-10-02 07:41:30,937 ] 28 root - INFO - Data ingestion started
[ 2024-10-02 07:41:30,957 ] 31 root - INFO - raw data is loaded into dataframe
[ 2024-10-02 07:41:30,957 ] 34 root - INFO - Train test split done
[ 2024-10-02 07:41:30,990 ] 37 root - INFO - raw data saved to csv in artifacts directory
[ 2024-10-02 07:41:31,013 ] 40 root - INFO - Train data is saved into csv and ready for cleaning
[ 2024-10-02 07:41:31,030 ] 43 root - INFO - Test data is saved into csv and ready for cleaning
[ 2024-10-02 07:41:31,030 ] 27 root - INFO - Data Cleaning Started
[ 2024-10-02 07:41:31,053 ] 33 root - INFO - na value dropped
[ 2024-10-02 07:41:31,056 ] 41 root - INFO - Changed the date of journey column into date format and split in day,month and year
[ 2024-10-02 07:41:31,061 ] 48 root - INFO - Changed the departure time column into date format and split in hours and minutes
[ 2024-10-02 07:41:31,108 ] 55 root - INFO - Changed the arrival time column into date format and split in hours and minutes
[ 2024-10-02 07:41:31,124 ] 77 root - INFO - Changed duraton column into hours and minutes
[ 2024-10-02 07:41:31,141 ] 86 root - INFO - Test dataset loaded
[ 2024-10-02 07:41:31,141 ] 95 root - INFO - Changed the date of journey column into date format and split in day,month and year
[ 2024-10-02 07:41:31,141 ] 101 root - INFO - Changed the departure time column into date format and split in hours and minutes
[ 2024-10-02 07:41:31,186 ] 108 root - INFO - Changed the arrival time column into date format and split in hours and minutes
[ 2024-10-02 07:41:31,202 ] 132 root - INFO - Changed duraton column into hours and minutes
[ 2024-10-02 07:41:31,202 ] 139 root - INFO - Directory Created
[ 2024-10-02 07:41:31,249 ] 143 root - INFO - Cleaned data set saved to csv
[ 2024-10-02 07:41:31,249 ] 78 root - INFO - X and Y train test split done
[ 2024-10-02 07:41:31,249 ] 30 root - INFO - Data Transforamtion Started
[ 2024-10-02 07:41:31,249 ] 44 root - INFO - numerical pipeline has been created
[ 2024-10-02 07:41:31,249 ] 53 root - INFO - categorical pipeline has been created
[ 2024-10-02 07:41:31,249 ] 62 root - INFO - columnTransformer created
[ 2024-10-02 07:41:31,249 ] 81 root - INFO - Preprocessor is working fine
[ 2024-10-02 07:41:31,268 ] 85 root - INFO - fit and transform is completed
[ 2024-10-02 07:41:31,268 ] 11 root - INFO - Save object function is started
[ 2024-10-02 07:41:31,283 ] 18 root - INFO - object saved
[ 2024-10-02 07:41:31,283 ] 100 root - INFO - Processor save in the pickle file
[ 2024-10-02 07:41:31,283 ] 32 root - INFO - Model Training is Started
[ 2024-10-02 07:41:31,283 ] 51 root - INFO - Training and Testing array is divided into X-train,test and Y-train,test
[ 2024-10-02 07:41:39,441 ] 76 root - INFO - Fit and Predict Performed on each Model
[ 2024-10-02 07:41:39,441 ] 85 root - INFO - Best Model and its R2_Scorer found
[ 2024-10-02 07:41:39,457 ] 92 root - INFO - Model training is completed
[ 2024-10-02 07:41:39,457 ] 95 root - INFO - Hyperparameter tunning is statred
