[ 2024-10-02 08:55:21,690 ] 28 root - INFO - Data ingestion started
[ 2024-10-02 08:55:21,708 ] 31 root - INFO - raw data is loaded into dataframe
[ 2024-10-02 08:55:21,716 ] 34 root - INFO - Train test split done
[ 2024-10-02 08:55:21,753 ] 37 root - INFO - raw data saved to csv in artifacts directory
[ 2024-10-02 08:55:21,772 ] 40 root - INFO - Train data is saved into csv and ready for cleaning
[ 2024-10-02 08:55:21,785 ] 43 root - INFO - Test data is saved into csv and ready for cleaning
[ 2024-10-02 08:55:21,785 ] 27 root - INFO - Data Cleaning Started
[ 2024-10-02 08:55:21,796 ] 33 root - INFO - na value dropped
[ 2024-10-02 08:55:21,821 ] 41 root - INFO - Changed the date of journey column into date format and split in day,month and year
[ 2024-10-02 08:55:21,826 ] 48 root - INFO - Changed the departure time column into date format and split in hours and minutes
[ 2024-10-02 08:55:21,878 ] 55 root - INFO - Changed the arrival time column into date format and split in hours and minutes
[ 2024-10-02 08:55:21,889 ] 77 root - INFO - Changed duraton column into hours and minutes
[ 2024-10-02 08:55:21,914 ] 86 root - INFO - Test dataset loaded
[ 2024-10-02 08:55:21,917 ] 95 root - INFO - Changed the date of journey column into date format and split in day,month and year
[ 2024-10-02 08:55:21,921 ] 101 root - INFO - Changed the departure time column into date format and split in hours and minutes
[ 2024-10-02 08:55:21,977 ] 108 root - INFO - Changed the arrival time column into date format and split in hours and minutes
[ 2024-10-02 08:55:21,981 ] 132 root - INFO - Changed duraton column into hours and minutes
[ 2024-10-02 08:55:21,984 ] 139 root - INFO - Directory Created
[ 2024-10-02 08:55:22,012 ] 143 root - INFO - Cleaned data set saved to csv
[ 2024-10-02 08:55:22,015 ] 78 root - INFO - X and Y train test split done
[ 2024-10-02 08:55:22,015 ] 30 root - INFO - Data Transforamtion Started
[ 2024-10-02 08:55:22,015 ] 44 root - INFO - numerical pipeline has been created
[ 2024-10-02 08:55:22,015 ] 53 root - INFO - categorical pipeline has been created
[ 2024-10-02 08:55:22,015 ] 62 root - INFO - columnTransformer created
[ 2024-10-02 08:55:22,015 ] 81 root - INFO - Preprocessor is working fine
[ 2024-10-02 08:55:22,047 ] 85 root - INFO - fit and transform is completed
[ 2024-10-02 08:55:22,047 ] 11 root - INFO - Save object function is started
[ 2024-10-02 08:55:22,047 ] 18 root - INFO - object saved
[ 2024-10-02 08:55:22,047 ] 100 root - INFO - Processor save in the pickle file
[ 2024-10-02 08:55:22,047 ] 32 root - INFO - Model Training is Started
[ 2024-10-02 08:55:22,047 ] 51 root - INFO - Training and Testing array is divided into X-train,test and Y-train,test
[ 2024-10-02 08:55:30,332 ] 76 root - INFO - Fit and Predict Performed on each Model
[ 2024-10-02 08:55:30,332 ] 85 root - INFO - Best Model and its R2_Scorer found
[ 2024-10-02 08:55:30,332 ] 92 root - INFO - Model training is completed
[ 2024-10-02 08:55:30,332 ] 95 root - INFO - Hyperparameter tunning is statred
[ 2024-10-02 09:13:50,012 ] 150 root - INFO - Hyperparameter tunning is ended
